<?xml version="1.0" encoding="UTF-8"?>
<!-- Generated by org.testng.reporters.JUnitReportReporter -->
<testsuite skipped="0" hostname="DESKTOP-S5UNGIC" name="com.crm.qa.testcases.HomePageTest" tests="3" failures="0" timestamp="2021-07-15T13:53:33 IST" time="46.704" errors="0">
  <testcase name="verifyHomePageTitle" time="14.875" classname="com.crm.qa.testcases.HomePageTest"/>
  <system-out/>
  <testcase name="validateUserName" time="14.886" classname="com.crm.qa.testcases.HomePageTest"/>
  <system-out/>
  <testcase name="clickOnContactsLink" time="16.943" classname="com.crm.qa.testcases.HomePageTest"/>
  <system-out/>
</testsuite> <!-- com.crm.qa.testcases.HomePageTest -->
