<?xml version="1.0" encoding="UTF-8"?>
<!-- Generated by org.testng.reporters.JUnitReportReporter -->
<testsuite skipped="0" hostname="DESKTOP-S5UNGIC" name="com.crm.qa.testcases.ContactPageTest" tests="3" failures="0" timestamp="2021-07-15T13:53:33 IST" time="55.160" errors="0">
  <testcase name="validatecCreateNewContact" time="18.682" classname="com.crm.qa.testcases.ContactPageTest"/>
  <system-out/>
  <testcase name="validatecCreateNewContact" time="17.421" classname="com.crm.qa.testcases.ContactPageTest"/>
  <system-out/>
  <testcase name="validatecCreateNewContact" time="19.057" classname="com.crm.qa.testcases.ContactPageTest"/>
  <system-out/>
</testsuite> <!-- com.crm.qa.testcases.ContactPageTest -->
