<?xml version="1.0" encoding="UTF-8"?>
<!-- Generated by org.testng.reporters.JUnitReportReporter -->
<testsuite skipped="0" hostname="DESKTOP-S5UNGIC" name="com.crm.qa.testcases.LoginPageTest" tests="2" failures="0" timestamp="2021-07-15T13:53:33 IST" time="24.031" errors="0">
  <testcase name="validateLoginPageTitle" time="8.692" classname="com.crm.qa.testcases.LoginPageTest"/>
  <system-out/>
  <testcase name="validateloginTest" time="15.339" classname="com.crm.qa.testcases.LoginPageTest"/>
  <system-out/>
</testsuite> <!-- com.crm.qa.testcases.LoginPageTest -->
