<?xml version="1.0" encoding="UTF-8"?>
<!-- Generated by org.testng.reporters.JUnitReportReporter -->
<testsuite skipped="0" hostname="DESKTOP-S5UNGIC" name="com.crm.qa.testcases.ContactPageTest" tests="3" failures="0" timestamp="2021-07-15T13:00:56 IST" time="61.023" errors="0">
  <testcase name="validatecCreateNewContact" time="23.885" classname="com.crm.qa.testcases.ContactPageTest"/>
  <system-out/>
  <testcase name="validatecCreateNewContact" time="18.112" classname="com.crm.qa.testcases.ContactPageTest"/>
  <system-out/>
  <testcase name="validatecCreateNewContact" time="19.026" classname="com.crm.qa.testcases.ContactPageTest"/>
  <system-out/>
</testsuite> <!-- com.crm.qa.testcases.ContactPageTest -->
